[00:30:17] [ServerMain/INFO]: [bootstrap] Running Java 21 (OpenJDK 64-Bit Server VM 21.0.10+7-Ubuntu-124.04; Ubuntu null) on Linux 6.8.0-1030-azure (amd64)
[00:30:17] [ServerMain/INFO]: [bootstrap] Loading Paper 1.21.11-99-main@81b9122 (2026-01-20T19:08:30Z) for Minecraft 1.21.11
[00:30:18] [ServerMain/INFO]: [PluginInitializerManager] Initializing plugins...
[00:30:22] [ServerMain/INFO]: [PluginInitializerManager] Initialized 5 plugins
[00:30:22] [ServerMain/INFO]: [PluginInitializerManager] Bukkit plugins (5):
 - Geyser-Spigot (2.9.2-SNAPSHOT), SkinsRestorer (15.10.0), ViaBackwards (5.7.1), ViaVersion (5.7.1), floodgate (2.2.5-SNAPSHOT (b126-096c605))
[00:30:27] [ServerMain/INFO]: Environment: Environment[sessionHost=https://sessionserver.mojang.com, servicesHost=https://api.minecraftservices.com, profilesHost=https://api.mojang.com, name=PROD]
[00:30:29] [ServerMain/INFO]: Loaded 1470 recipes
[00:30:29] [ServerMain/INFO]: Loaded 1584 advancements
[00:30:29] [ServerMain/INFO]: [ca.spottedleaf.dataconverter.minecraft.datatypes.MCTypeRegistry] Initialising converters for DataConverter...
[00:30:29] [ServerMain/INFO]: [ca.spottedleaf.dataconverter.minecraft.datatypes.MCTypeRegistry] Finished initialising converters for DataConverter in 366.3ms
[00:30:29] [Server thread/INFO]: Starting minecraft server version 1.21.11
[00:30:29] [Server thread/INFO]: Loading properties
[00:30:29] [Server thread/INFO]: This server is running Paper version 1.21.11-99-main@81b9122 (2026-01-20T19:08:30Z) (Implementing API version 1.21.11-R0.1-SNAPSHOT)
[00:30:30] [Server thread/INFO]: [spark] This server bundles the spark profiler. For more information please visit https://docs.papermc.io/paper/profiling
[00:30:30] [Server thread/INFO]: Server Ping Player Sample Count: 12
[00:30:30] [Server thread/INFO]: Using 4 threads for Netty based IO
[00:30:32] [Server thread/INFO]: [MoonriseCommon] Paper is using 1 worker threads, 1 I/O threads
[00:30:32] [Server thread/INFO]: Default game type: SURVIVAL
[00:30:32] [Server thread/INFO]: Generating keypair
[00:30:32] [Server thread/INFO]: Starting Minecraft server on *:25565
[00:30:32] [Server thread/INFO]: Paper: Using libdeflate (Linux x86_64) compression from Velocity.
[00:30:32] [Server thread/INFO]: Paper: Using OpenSSL 3.x.x (Linux x86_64) cipher from Velocity.
[00:30:33] [Server thread/INFO]: [ViaVersion] Loading server plugin ViaVersion v5.7.1
[00:30:33] [Server thread/INFO]: [ViaVersion] ViaVersion 5.7.1 is now loaded. Registering protocol transformers and injecting...
[00:30:34] [Via-Mappingloader-1/INFO]: [ViaVersion] Loading block connection mappings ...
[00:30:34] [Via-Mappingloader-1/INFO]: [ViaVersion] Using FastUtil Long2ObjectOpenHashMap for block connections
[00:30:34] [Server thread/INFO]: [ViaBackwards] Loading translations...
[00:30:34] [Server thread/INFO]: [ViaBackwards] Registering protocols...
[00:30:35] [Server thread/INFO]: [floodgate] Loading server plugin floodgate v2.2.5-SNAPSHOT (b126-096c605)
[00:30:36] [Server thread/WARN]: [floodgate] en_ is not a supported Floodgate language.
[00:30:36] [Server thread/INFO]: [floodgate] Took 1,142ms to boot Floodgate
[00:30:36] [Server thread/INFO]: [ViaBackwards] Loading server plugin ViaBackwards v5.7.1
[00:30:36] [Server thread/INFO]: [SkinsRestorer] Loading server plugin SkinsRestorer v15.10.0
[00:30:36] [Server thread/INFO]: [Geyser-Spigot] Loading server plugin Geyser-Spigot v2.9.2-SNAPSHOT
[00:30:37] [Server thread/INFO]: [Geyser-Spigot] Loading extensions...
[00:30:37] [Server thread/INFO]: [Geyser-Spigot] Loaded 0 extension(s)
[00:30:37] [Server thread/INFO]: Server permissions file permissions.yml is empty, ignoring it
[00:30:37] [Server thread/INFO]: [SkinsRestorer] Enabling SkinsRestorer v15.10.0
[00:30:38] [Server thread/INFO]: [SkinsRestorer] Running on Minecraft 1.21.11.
[00:30:38] [Server thread/INFO]: [SkinsRestorer] Floodgate skin listener registered
[00:30:38] [Server thread/INFO]: [SkinsRestorer] Using paper join listener!
[00:30:38] [Server thread/WARN]: **** SERVER IS RUNNING IN OFFLINE/INSECURE MODE!
[00:30:38] [Server thread/WARN]: The server will make no attempt to authenticate usernames. Beware.
[00:30:38] [Server thread/WARN]: While this makes the game possible to play without internet access, it also opens up the ability for hackers to connect with any username they choose.
[00:30:38] [Server thread/WARN]: To change this, set "online-mode" to "true" in the server.properties file.
[00:30:38] [Server thread/INFO]: Preparing level "world"
[00:30:38] [Folia Async Scheduler Thread #1/INFO]: [SkinsRestorer] ----------------------------------------------
[00:30:38] [Folia Async Scheduler Thread #1/INFO]: [SkinsRestorer]     +==================+
[00:30:38] [Folia Async Scheduler Thread #1/INFO]: [SkinsRestorer]     |   SkinsRestorer  |
[00:30:38] [Folia Async Scheduler Thread #1/INFO]: [SkinsRestorer]     |------------------|
[00:30:38] [Folia Async Scheduler Thread #1/INFO]: [SkinsRestorer]     |  Standalone Mode |
[00:30:38] [Folia Async Scheduler Thread #1/INFO]: [SkinsRestorer]     +==================+
[00:30:38] [Folia Async Scheduler Thread #1/INFO]: [SkinsRestorer] ----------------------------------------------
[00:30:38] [Folia Async Scheduler Thread #1/INFO]: [SkinsRestorer]     Version: 15.10.0
[00:30:38] [Folia Async Scheduler Thread #1/INFO]: [SkinsRestorer]     Commit: fcb9320
[00:30:38] [Folia Async Scheduler Thread #1/INFO]: [SkinsRestorer]     This is the latest version!
[00:30:38] [Folia Async Scheduler Thread #1/INFO]: [SkinsRestorer] ----------------------------------------------
[00:30:38] [Folia Async Scheduler Thread #1/INFO]: [SkinsRestorer] Do you have issues? Read our troubleshooting guide: https://skinsrestorer.net/docs/troubleshooting
[00:30:38] [Folia Async Scheduler Thread #1/INFO]: [SkinsRestorer] Want to support SkinsRestorer? Consider donating: https://skinsrestorer.net/donate
[00:30:38] [Server thread/INFO]: [ca.spottedleaf.moonrise.common.util.MoonriseConstants] NUMA enable flag is not set; however there is NUMA interaction support for this OS.
[00:30:38] [Server thread/INFO]: [ca.spottedleaf.moonrise.common.util.MoonriseConstants] Detected 1 NUMA nodes.
[00:30:39] [Server thread/INFO]: Loading 0 persistent chunks for world 'minecraft:overworld'...
[00:30:39] [Server thread/INFO]: Preparing spawn area: 100%
[00:30:39] [Server thread/INFO]: Prepared spawn area in 2 ms
[00:30:39] [Server thread/INFO]: Loading 0 persistent chunks for world 'minecraft:the_nether'...
[00:30:39] [Server thread/INFO]: Prepared spawn area in 0 ms
[00:30:39] [Server thread/INFO]: Loading 0 persistent chunks for world 'minecraft:the_end'...
[00:30:39] [Server thread/INFO]: Prepared spawn area in 3 ms
[00:30:39] [Server thread/INFO]: Done preparing level "world" (0.678s)
[00:30:39] [Server thread/INFO]: [ViaVersion] Enabling ViaVersion v5.7.1
[00:30:39] [Server thread/INFO]: [ViaVersion] ViaVersion detected server version: 1.21.11 (774)
[00:30:39] [Server thread/INFO]: [floodgate] Enabling floodgate v2.2.5-SNAPSHOT (b126-096c605)
[00:30:40] [Server thread/INFO]: [ViaBackwards] Enabling ViaBackwards v5.7.1
[00:30:40] [Server thread/INFO]: [Geyser-Spigot] Enabling Geyser-Spigot v2.9.2-SNAPSHOT
[00:30:41] [Server thread/INFO]: [spark] Starting background profiler...
[00:30:42] [Server thread/INFO]: [Geyser-Spigot] ******************************************
[00:30:42] [Server thread/INFO]: [Geyser-Spigot] 
[00:30:42] [Server thread/INFO]: [Geyser-Spigot] Loading Geyser version 2.9.2-b1056 (git-master-811db30)
[00:30:42] [Server thread/INFO]: [Geyser-Spigot] 
[00:30:42] [Server thread/INFO]: [Geyser-Spigot] ******************************************
[00:30:46] [GeyserServer-3-1/INFO]: [Geyser-Spigot] Started Geyser on UDP port 19132
[00:30:46] [Server thread/INFO]: [Geyser-Spigot] Done (3.797s)! Run /geyser help for help!
[00:30:47] [Server thread/INFO]: Running delayed init tasks
[00:30:47] [Server thread/INFO]: Done (30.836s)! For help, type "help"
[00:30:47] [Craft Scheduler Thread - 2 - ViaVersion/INFO]: [ViaVersion] Finished mapping loading, shutting down loader executor.
[00:30:47] [Paper Async Task Handler Thread - 1/INFO]: *** Currently you are 12 build(s) behind ***
[00:30:47] [Paper Async Task Handler Thread - 1/INFO]: *** It is highly recommended to download the latest build from https://papermc.io/downloads/paper ***
[00:30:50] [User Authenticator #0/INFO]: UUID of player Santi10_10 is 09eb6b94-23ca-364f-b28a-c2649f445c83
[00:30:53] [Server thread/INFO]: Santi10_10 joined the game
[00:30:53] [Server thread/INFO]: Santi10_10[/127.222.11.210:35837] logged in with entity id 21 at ([world_nether]315.3772817371211, 71.0, 329.69999998807907)
[01:07:27] [Server thread/INFO]: Santi10_10 issued server command: /seed
[01:07:32] [Server thread/INFO]: Santi10_10 lost connection: Disconnected
[01:07:32] [Server thread/INFO]: Santi10_10 left the game
[01:10:21] [User Authenticator #1/INFO]: UUID of player Santi10_10 is 09eb6b94-23ca-364f-b28a-c2649f445c83
[01:10:22] [Server thread/INFO]: Santi10_10 joined the game
[01:10:22] [Server thread/INFO]: Santi10_10[/127.222.11.210:47101] logged in with entity id 7641 at ([world]1433.300000011921, 96.0, 2003.6572659955477)
[01:15:55] [Server thread/INFO]: Santi10_10 lost connection: Disconnected
[01:15:55] [Server thread/INFO]: Santi10_10 left the game
[01:32:08] [GeyserServerChild-4-1/INFO]: [Geyser-Spigot] Player connected with username confusedr0 (898)
[01:32:08] [localSession-7-2/INFO]: [Geyser-Spigot] confusedr0 (logged in as: confusedr0) has connected to the Java server
[01:32:09] [Server thread/INFO]: [floodgate] Floodgate player logged in as .confusedr0 joined (UUID: 00000000-0000-0000-0009-01fbd5c985ed)
[01:32:09] [Server thread/INFO]: .confusedr0 joined the game
[01:32:09] [Server thread/INFO]: .confusedr0[/127.227.61.114:0] logged in with entity id 9636 at ([world]-451.55063, 128.0, 1037.6324)
[01:35:24] [Geyser Spigot connection thread-6-3/INFO]: [floodgate] Floodgate player logged in as .confusedr0 disconnected
[01:35:24] [GeyserServerChild-4-1/INFO]: [Geyser-Spigot] confusedr0 has disconnected from the Java server because of Bedrock client timed out
[01:35:24] [Server thread/INFO]: .confusedr0 lost connection: Disconnected
[01:35:24] [Server thread/INFO]: .confusedr0 left the game
